<?xml version="1.0" encoding="UTF-8"?>
<!-- Generated by org.testng.reporters.JUnitReportReporter -->
<testsuite hostname="Star-PC" failures="0" tests="1" name="newmvn.mvnProject.mvn_prog1" time="0.031" errors="0" timestamp="2021-10-06T16:03:20 IST" skipped="0">
  <testcase classname="newmvn.mvnProject.mvn_prog1" name="new1" time="0.031"/>
  <system-out/>
</testsuite> <!-- newmvn.mvnProject.mvn_prog1 -->
