<?xml version="1.0" encoding="UTF-8"?>
<!-- Generated by org.testng.reporters.JUnitReportReporter -->
<testsuite hostname="Star-PC" failures="0" tests="1" name="newmvn.mvnProject.browser_check" time="39.550" errors="0" timestamp="2021-10-07T12:27:25 IST" skipped="0">
  <testcase classname="newmvn.mvnProject.browser_check" name="RediffTitleTest" time="39.550"/>
  <system-out/>
</testsuite> <!-- newmvn.mvnProject.browser_check -->
